<?xml version="1.0" encoding="UTF-8"?>
<testng-results ignored="0" total="2" passed="2" failed="0" skipped="0">
  <reporter-output>
  </reporter-output>
  <suite started-at="2026-05-05T01:51:38 IST" name="testnng" finished-at="2026-05-05T01:51:38 IST" duration-ms="263">
    <groups>
    </groups>
    <test started-at="2026-05-05T01:51:38 IST" name="Test" finished-at="2026-05-05T01:51:38 IST" duration-ms="263">
      <class name="com.thetestingacademy.ATB9xSeleniumAdvanceFramework.TestSample">
        <test-method signature="testSample0()[pri:0, instance:com.thetestingacademy.ATB9xSeleniumAdvanceFramework.TestSample@23f5b5dc]" started-at="2026-05-05T01:51:38 IST" name="testSample0" finished-at="2026-05-05T01:51:38 IST" duration-ms="75" status="PASS">
          <reporter-output>
          </reporter-output>
        </test-method> <!-- testSample0 -->
        <test-method signature="testSample1()[pri:0, instance:com.thetestingacademy.ATB9xSeleniumAdvanceFramework.TestSample@23f5b5dc]" started-at="2026-05-05T01:51:38 IST" name="testSample1" finished-at="2026-05-05T01:51:38 IST" duration-ms="6" status="PASS">
          <reporter-output>
          </reporter-output>
        </test-method> <!-- testSample1 -->
      </class> <!-- com.thetestingacademy.ATB9xSeleniumAdvanceFramework.TestSample -->
    </test> <!-- Test -->
  </suite> <!-- testnng -->
</testng-results>
