<?xml version="1.0" encoding="UTF-8"?>
<testng-results ignored="0" total="1" passed="1" failed="0" skipped="0">
  <reporter-output>
  </reporter-output>
  <suite started-at="2026-05-05T02:44:55 IST" name="testng_vwologin" finished-at="2026-05-05T02:45:05 IST" duration-ms="10136">
    <groups>
    </groups>
    <test started-at="2026-05-05T02:44:55 IST" name="Test" finished-at="2026-05-05T02:45:05 IST" duration-ms="10136">
      <class name="com.thetestingacademy.ATB9xSeleniumAdvanceFramework.vwoTestCases.TestVWOLogin">
        <test-method signature="test_negative_vwo_login()[pri:0, instance:com.thetestingacademy.ATB9xSeleniumAdvanceFramework.vwoTestCases.TestVWOLogin@34bde49d]" started-at="2026-05-05T02:44:55 IST" name="test_negative_vwo_login" finished-at="2026-05-05T02:45:05 IST" duration-ms="9950" status="PASS">
          <reporter-output>
          </reporter-output>
        </test-method> <!-- test_negative_vwo_login -->
      </class> <!-- com.thetestingacademy.ATB9xSeleniumAdvanceFramework.vwoTestCases.TestVWOLogin -->
    </test> <!-- Test -->
  </suite> <!-- testng_vwologin -->
</testng-results>
