<?xml version="1.0" encoding="UTF-8"?>
<!-- Generated by org.testng.reporters.JUnitXMLReporter -->
<testsuite ignored="0" hostname="JohnWick-PC" failures="0" tests="2" name="Test" time="0.263" errors="0" timestamp="2026-05-05T01:51:38 IST">
  <testcase classname="com.thetestingacademy.ATB9xSeleniumAdvanceFramework.TestSample" name="testSample0" time="0.075"/>
  <testcase classname="com.thetestingacademy.ATB9xSeleniumAdvanceFramework.TestSample" name="testSample1" time="0.006"/>
</testsuite> <!-- Test -->
