<?xml version="1.0" encoding="UTF-8"?>
<!-- Generated by org.testng.reporters.JUnitReportReporter -->
<testsuite hostname="JohnWick-PC" failures="0" tests="1" name="com.thetestingacademy.ATB9xSeleniumAdvanceFramework.vwoTestCases.TestVWOLogin" time="9.950" errors="0" timestamp="2026-05-05T02:45:05 IST" skipped="0">
  <testcase classname="com.thetestingacademy.ATB9xSeleniumAdvanceFramework.vwoTestCases.TestVWOLogin" name="test_negative_vwo_login" time="9.950"/>
</testsuite> <!-- com.thetestingacademy.ATB9xSeleniumAdvanceFramework.vwoTestCases.TestVWOLogin -->
